<?xml version="1.0" encoding="UTF-8"?>
<testng-results ignored="0" total="3" passed="3" failed="0" skipped="0">
  <reporter-output>
  </reporter-output>
  <suite started-at="2023-05-15T15:51:58 IST" name="Default suite" finished-at="2023-05-15T15:51:59 IST" duration-ms="946">
    <groups>
    </groups>
    <test started-at="2023-05-15T15:51:58 IST" name="Default test" finished-at="2023-05-15T15:51:59 IST" duration-ms="946">
      <class name="storedprocedureTesting.SPtesting">
        <test-method is-config="true" signature="setup()[pri:0, instance:storedprocedureTesting.SPtesting@6a1ebcff]" started-at="2023-05-15T15:51:58 IST" name="setup" finished-at="2023-05-15T15:51:59 IST" duration-ms="671" status="PASS">
          <reporter-output>
          </reporter-output>
        </test-method> <!-- setup -->
        <test-method signature="test_storedProcedureExists()[pri:1, instance:storedprocedureTesting.SPtesting@6a1ebcff]" started-at="2023-05-15T15:51:59 IST" name="test_storedProcedureExists" finished-at="2023-05-15T15:51:59 IST" duration-ms="83" status="PASS">
          <reporter-output>
          </reporter-output>
        </test-method> <!-- test_storedProcedureExists -->
        <test-method signature="test_SelectAllCustomers()[pri:2, instance:storedprocedureTesting.SPtesting@6a1ebcff]" started-at="2023-05-15T15:51:59 IST" name="test_SelectAllCustomers" finished-at="2023-05-15T15:51:59 IST" duration-ms="98" status="PASS">
          <reporter-output>
          </reporter-output>
        </test-method> <!-- test_SelectAllCustomers -->
        <test-method signature="order_cust_no()[pri:3, instance:storedprocedureTesting.SPtesting@6a1ebcff]" started-at="2023-05-15T15:51:59 IST" name="order_cust_no" finished-at="2023-05-15T15:51:59 IST" duration-ms="18" status="PASS">
          <reporter-output>
          </reporter-output>
        </test-method> <!-- order_cust_no -->
        <test-method is-config="true" signature="closeConection()[pri:0, instance:storedprocedureTesting.SPtesting@6a1ebcff]" started-at="2023-05-15T15:51:59 IST" name="closeConection" finished-at="2023-05-15T15:51:59 IST" duration-ms="4" status="PASS">
          <reporter-output>
          </reporter-output>
        </test-method> <!-- closeConection -->
      </class> <!-- storedprocedureTesting.SPtesting -->
    </test> <!-- Default test -->
  </suite> <!-- Default suite -->
</testng-results>
