<?xml version="1.0" encoding="UTF-8"?>
<testng-results ignored="0" total="3" passed="3" failed="0" skipped="0">
  <reporter-output>
  </reporter-output>
  <suite started-at="2023-04-11T12:22:58 IST" name="Default suite" finished-at="2023-04-11T12:23:47 IST" duration-ms="48623">
    <groups>
    </groups>
    <test started-at="2023-04-11T12:22:58 IST" name="Default test" finished-at="2023-04-11T12:23:47 IST" duration-ms="48623">
      <class name="org.selenium.dev.AmazonTest">
        <test-method is-config="true" signature="Launch()[pri:0, instance:org.selenium.dev.AmazonTest@36b4fe2a]" started-at="2023-04-11T12:22:58 IST" name="Launch" finished-at="2023-04-11T12:23:03 IST" duration-ms="4783" status="PASS">
          <reporter-output>
          </reporter-output>
        </test-method> <!-- Launch -->
        <test-method signature="testHomePage()[pri:0, instance:org.selenium.dev.AmazonTest@36b4fe2a]" started-at="2023-04-11T12:23:03 IST" name="testHomePage" finished-at="2023-04-11T12:23:03 IST" duration-ms="76" status="PASS">
          <reporter-output>
          </reporter-output>
        </test-method> <!-- testHomePage -->
        <test-method is-config="true" signature="CloseBrowser()[pri:0, instance:org.selenium.dev.AmazonTest@36b4fe2a]" started-at="2023-04-11T12:23:03 IST" name="CloseBrowser" finished-at="2023-04-11T12:23:03 IST" duration-ms="600" status="PASS">
          <reporter-output>
          </reporter-output>
        </test-method> <!-- CloseBrowser -->
        <test-method is-config="true" signature="Launch()[pri:0, instance:org.selenium.dev.AmazonTest@36b4fe2a]" started-at="2023-04-11T12:23:03 IST" name="Launch" finished-at="2023-04-11T12:23:08 IST" duration-ms="4117" status="PASS">
          <reporter-output>
          </reporter-output>
        </test-method> <!-- Launch -->
        <test-method signature="testSearchPage()[pri:1, instance:org.selenium.dev.AmazonTest@36b4fe2a]" started-at="2023-04-11T12:23:08 IST" name="testSearchPage" finished-at="2023-04-11T12:23:10 IST" duration-ms="2391" status="PASS">
          <reporter-output>
          </reporter-output>
        </test-method> <!-- testSearchPage -->
        <test-method is-config="true" signature="CloseBrowser()[pri:0, instance:org.selenium.dev.AmazonTest@36b4fe2a]" started-at="2023-04-11T12:23:10 IST" name="CloseBrowser" finished-at="2023-04-11T12:23:11 IST" duration-ms="566" status="PASS">
          <reporter-output>
          </reporter-output>
        </test-method> <!-- CloseBrowser -->
        <test-method is-config="true" signature="Launch()[pri:0, instance:org.selenium.dev.AmazonTest@36b4fe2a]" started-at="2023-04-11T12:23:11 IST" name="Launch" finished-at="2023-04-11T12:23:14 IST" duration-ms="3900" status="PASS">
          <reporter-output>
          </reporter-output>
        </test-method> <!-- Launch -->
        <test-method signature="testCart()[pri:2, instance:org.selenium.dev.AmazonTest@36b4fe2a]" started-at="2023-04-11T12:23:14 IST" name="testCart" finished-at="2023-04-11T12:23:46 IST" duration-ms="31559" status="PASS">
          <reporter-output>
          </reporter-output>
        </test-method> <!-- testCart -->
        <test-method is-config="true" signature="CloseBrowser()[pri:0, instance:org.selenium.dev.AmazonTest@36b4fe2a]" started-at="2023-04-11T12:23:46 IST" name="CloseBrowser" finished-at="2023-04-11T12:23:47 IST" duration-ms="593" status="PASS">
          <reporter-output>
          </reporter-output>
        </test-method> <!-- CloseBrowser -->
      </class> <!-- org.selenium.dev.AmazonTest -->
    </test> <!-- Default test -->
  </suite> <!-- Default suite -->
</testng-results>
