<?xml version="1.0" encoding="UTF-8"?>
<!-- Generated by org.testng.reporters.JUnitXMLReporter -->
<testsuite ignored="0" hostname="TTNPL-SauravSagar" failures="0" tests="3" name="Default test" time="0.946" errors="0" timestamp="2023-05-15T15:51:59 IST">
  <testcase classname="storedprocedureTesting.SPtesting" name="test_storedProcedureExists" time="0.083"/>
  <testcase classname="storedprocedureTesting.SPtesting" name="test_SelectAllCustomers" time="0.098"/>
  <testcase classname="storedprocedureTesting.SPtesting" name="order_cust_no" time="0.018"/>
</testsuite> <!-- Default test -->
