<?xml version="1.0" encoding="UTF-8"?>
<testng-results ignored="0" total="1" passed="1" failed="0" skipped="0">
  <reporter-output>
  </reporter-output>
  <suite started-at="2023-04-11T15:40:00 IST" name="Suite" finished-at="2023-04-11T15:40:05 IST" duration-ms="4748">
    <groups>
    </groups>
    <test started-at="2023-04-11T15:40:00 IST" name="Test" finished-at="2023-04-11T15:40:05 IST" duration-ms="4748">
      <class name="org.selenium.dev.AmazonTest">
        <test-method is-config="true" signature="Launch()[pri:0, instance:org.selenium.dev.AmazonTest@6ff29830]" started-at="2023-04-11T15:40:00 IST" name="Launch" finished-at="2023-04-11T15:40:05 IST" duration-ms="4428" status="PASS">
          <reporter-output>
          </reporter-output>
        </test-method> <!-- Launch -->
        <test-method signature="testHomePage()[pri:0, instance:org.selenium.dev.AmazonTest@6ff29830]" started-at="2023-04-11T15:40:05 IST" name="testHomePage" finished-at="2023-04-11T15:40:05 IST" duration-ms="293" status="PASS">
          <reporter-output>
          </reporter-output>
        </test-method> <!-- testHomePage -->
      </class> <!-- org.selenium.dev.AmazonTest -->
    </test> <!-- Test -->
  </suite> <!-- Suite -->
</testng-results>
