<?xml version="1.0" encoding="UTF-8"?>
<!-- Generated by org.testng.reporters.JUnitXMLReporter -->
<testsuite ignored="0" hostname="TTNPL-SauravSagar" failures="0" tests="3" name="Default test" time="48.623" errors="0" timestamp="2023-04-11T12:23:47 IST">
  <testcase classname="org.selenium.dev.AmazonTest" name="testHomePage" time="0.076"/>
  <testcase classname="org.selenium.dev.AmazonTest" name="testSearchPage" time="2.391"/>
  <testcase classname="org.selenium.dev.AmazonTest" name="testCart" time="31.559"/>
</testsuite> <!-- Default test -->
